This file contains any messages produced by compilers while
running configure, to aid debugging if configure makes a mistake.

It was created by hidapi configure 0.8.0-rc1, which was
generated by GNU Autoconf 2.69.  Invocation command line was

  $ ./configure --prefix /usr --no-create --no-recursion

## --------- ##
## Platform. ##
## --------- ##

hostname = localhost.localdomain
uname -m = x86_64
uname -r = 4.8.4
uname -s = Linux
uname -v = #1 SMP Sun Oct 23 14:04:39 EDT 2016

/usr/bin/uname -p = x86_64
/bin/uname -X     = unknown

/bin/arch              = x86_64
/usr/bin/arch -k       = unknown
/usr/convex/getsysinfo = unknown
/usr/bin/hostinfo      = unknown
/bin/machine           = unknown
/usr/bin/oslevel       = unknown
/bin/universe          = unknown

PATH: /home/paul/bin
PATH: /usr/bin
PATH: /bin
PATH: /usr/ucb
PATH: /usr/bsd
PATH: /usr/sbin
PATH: /etc
PATH: /usr/etc
PATH: /usr/local/bin


## ----------- ##
## Core tests. ##
## ----------- ##

configure:2400: checking for a BSD-compatible install
configure:2468: result: /usr/bin/install -c
configure:2479: checking whether build environment is sane
configure:2529: result: yes
configure:2670: checking for a thread-safe mkdir -p
configure:2709: result: /usr/bin/mkdir -p
configure:2722: checking for gawk
configure:2738: found /usr/bin/gawk
configure:2749: result: gawk
configure:2760: checking whether make sets $(MAKE)
configure:2782: result: yes
configure:2894: checking build system type
configure:2908: result: x86_64-unknown-linux-gnu
configure:2928: checking host system type
configure:2941: result: x86_64-unknown-linux-gnu
configure:2982: checking how to print strings
configure:3009: result: printf
configure:3042: checking for style of include used by make
configure:3070: result: GNU
configure:3140: checking for gcc
configure:3156: found /usr/bin/gcc
configure:3167: result: gcc
configure:3396: checking for C compiler version
configure:3405: gcc --version >&5
gcc (GCC) 4.8.5 20150623 (Red Hat 4.8.5-16)
Copyright (C) 2015 Free Software Foundation, Inc.
This is free software; see the source for copying conditions.  There is NO
warranty; not even for MERCHANTABILITY or FITNESS FOR A PARTICULAR PURPOSE.

configure:3416: $? = 0
configure:3405: gcc -v >&5
Using built-in specs.
COLLECT_GCC=gcc
COLLECT_LTO_WRAPPER=/usr/libexec/gcc/x86_64-redhat-linux/4.8.5/lto-wrapper
Target: x86_64-redhat-linux
Configured with: ../configure --prefix=/usr --mandir=/usr/share/man --infodir=/usr/share/info --with-bugurl=http://bugzilla.redhat.com/bugzilla --enable-bootstrap --enable-shared --enable-threads=posix --enable-checking=release --with-system-zlib --enable-__cxa_atexit --disable-libunwind-exceptions --enable-gnu-unique-object --enable-linker-build-id --with-linker-hash-style=gnu --enable-languages=c,c++,objc,obj-c++,java,fortran,ada,go,lto --enable-plugin --enable-initfini-array --disable-libgcj --with-isl=/builddir/build/BUILD/gcc-4.8.5-20150702/obj-x86_64-redhat-linux/isl-install --with-cloog=/builddir/build/BUILD/gcc-4.8.5-20150702/obj-x86_64-redhat-linux/cloog-install --enable-gnu-indirect-function --with-tune=generic --with-arch_32=x86-64 --build=x86_64-redhat-linux
Thread model: posix
gcc version 4.8.5 20150623 (Red Hat 4.8.5-16) (GCC) 
configure:3416: $? = 0
configure:3405: gcc -V >&5
gcc: error: unrecognized command line option '-V'
gcc: fatal error: no input files
compilation terminated.
configure:3416: $? = 4
configure:3405: gcc -qversion >&5
gcc: error: unrecognized command line option '-qversion'
gcc: fatal error: no input files
compilation terminated.
configure:3416: $? = 4
configure:3436: checking whether the C compiler works
configure:3458: gcc    conftest.c  >&5
configure:3462: $? = 0
configure:3510: result: yes
configure:3513: checking for C compiler default output file name
configure:3515: result: a.out
configure:3521: checking for suffix of executables
configure:3528: gcc -o conftest    conftest.c  >&5
configure:3532: $? = 0
configure:3554: result: 
configure:3576: checking whether we are cross compiling
configure:3584: gcc -o conftest    conftest.c  >&5
configure:3588: $? = 0
configure:3595: ./conftest
configure:3599: $? = 0
configure:3614: result: no
configure:3619: checking for suffix of object files
configure:3641: gcc -c   conftest.c >&5
configure:3645: $? = 0
configure:3666: result: o
configure:3670: checking whether we are using the GNU C compiler
configure:3689: gcc -c   conftest.c >&5
configure:3689: $? = 0
configure:3698: result: yes
configure:3707: checking whether gcc accepts -g
configure:3727: gcc -c -g  conftest.c >&5
configure:3727: $? = 0
configure:3768: result: yes
configure:3785: checking for gcc option to accept ISO C89
configure:3848: gcc  -c -g -O2  conftest.c >&5
configure:3848: $? = 0
configure:3861: result: none needed
configure:3883: checking dependency style of gcc
configure:3993: result: gcc3
configure:4008: checking for a sed that does not truncate output
configure:4072: result: /usr/bin/sed
configure:4090: checking for grep that handles long lines and -e
configure:4148: result: /usr/bin/grep
configure:4153: checking for egrep
configure:4215: result: /usr/bin/grep -E
configure:4220: checking for fgrep
configure:4282: result: /usr/bin/grep -F
configure:4317: checking for ld used by gcc
configure:4384: result: /usr/bin/ld
configure:4391: checking if the linker (/usr/bin/ld) is GNU ld
configure:4406: result: yes
configure:4418: checking for BSD- or MS-compatible name lister (nm)
configure:4467: result: /usr/bin/nm -B
configure:4597: checking the name lister (/usr/bin/nm -B) interface
configure:4604: gcc -c -g -O2  conftest.c >&5
configure:4607: /usr/bin/nm -B "conftest.o"
configure:4610: output
0000000000000000 B some_variable
configure:4617: result: BSD nm
configure:4620: checking whether ln -s works
configure:4624: result: yes
configure:4632: checking the maximum length of command line arguments
configure:4757: result: 1572864
configure:4774: checking whether the shell understands some XSI constructs
configure:4784: result: yes
configure:4788: checking whether the shell understands "+="
configure:4794: result: yes
configure:4829: checking how to convert x86_64-unknown-linux-gnu file names to x86_64-unknown-linux-gnu format
configure:4869: result: func_convert_file_noop
configure:4876: checking how to convert x86_64-unknown-linux-gnu file names to toolchain format
configure:4896: result: func_convert_file_noop
configure:4903: checking for /usr/bin/ld option to reload object files
configure:4910: result: -r
configure:4984: checking for objdump
configure:5000: found /usr/bin/objdump
configure:5011: result: objdump
configure:5043: checking how to recognize dependent libraries
configure:5245: result: pass_all
configure:5330: checking for dlltool
configure:5360: result: no
configure:5390: checking how to associate runtime and link libraries
configure:5417: result: printf %s\n
configure:5478: checking for ar
configure:5494: found /usr/bin/ar
configure:5505: result: ar
configure:5542: checking for archiver @FILE support
configure:5559: gcc -c -g -O2  conftest.c >&5
configure:5559: $? = 0
configure:5562: ar cru libconftest.a @conftest.lst >&5
configure:5565: $? = 0
configure:5570: ar cru libconftest.a @conftest.lst >&5
ar: conftest.o: No such file or directory
configure:5573: $? = 1
configure:5585: result: @
configure:5643: checking for strip
configure:5659: found /usr/bin/strip
configure:5670: result: strip
configure:5742: checking for ranlib
configure:5758: found /usr/bin/ranlib
configure:5769: result: ranlib
configure:5871: checking command to parse /usr/bin/nm -B output from gcc object
configure:5990: gcc -c -g -O2  conftest.c >&5
configure:5993: $? = 0
configure:5997: /usr/bin/nm -B conftest.o \| sed -n -e 's/^.*[ ]\([ABCDGIRSTW][ABCDGIRSTW]*\)[ ][ ]*\([_A-Za-z][_A-Za-z0-9]*\)$/\1 \2 \2/p' | sed '/ __gnu_lto/d' \> conftest.nm
configure:6000: $? = 0
configure:6066: gcc -o conftest -g -O2   conftest.c conftstm.o >&5
configure:6069: $? = 0
configure:6107: result: ok
configure:6144: checking for sysroot
configure:6174: result: no
configure:6251: gcc -c -g -O2  conftest.c >&5
configure:6254: $? = 0
configure:6417: checking for mt
configure:6447: result: no
configure:6467: checking if : is a manifest tool
configure:6473: : '-?'
configure:6481: result: no
configure:7113: checking how to run the C preprocessor
configure:7144: gcc -E  conftest.c
configure:7144: $? = 0
configure:7158: gcc -E  conftest.c
conftest.c:11:28: fatal error: ac_nonexistent.h: No such file or directory
 #include <ac_nonexistent.h>
                            ^
compilation terminated.
configure:7158: $? = 1
configure: failed program was:
| /* confdefs.h */
| #define PACKAGE_NAME "hidapi"
| #define PACKAGE_TARNAME "hidapi"
| #define PACKAGE_VERSION "0.8.0-rc1"
| #define PACKAGE_STRING "hidapi 0.8.0-rc1"
| #define PACKAGE_BUGREPORT "alan@signal11.us"
| #define PACKAGE_URL ""
| #define PACKAGE "hidapi"
| #define VERSION "0.8.0-rc1"
| /* end confdefs.h.  */
| #include <ac_nonexistent.h>
configure:7183: result: gcc -E
configure:7203: gcc -E  conftest.c
configure:7203: $? = 0
configure:7217: gcc -E  conftest.c
conftest.c:11:28: fatal error: ac_nonexistent.h: No such file or directory
 #include <ac_nonexistent.h>
                            ^
compilation terminated.
configure:7217: $? = 1
configure: failed program was:
| /* confdefs.h */
| #define PACKAGE_NAME "hidapi"
| #define PACKAGE_TARNAME "hidapi"
| #define PACKAGE_VERSION "0.8.0-rc1"
| #define PACKAGE_STRING "hidapi 0.8.0-rc1"
| #define PACKAGE_BUGREPORT "alan@signal11.us"
| #define PACKAGE_URL ""
| #define PACKAGE "hidapi"
| #define VERSION "0.8.0-rc1"
| /* end confdefs.h.  */
| #include <ac_nonexistent.h>
configure:7246: checking for ANSI C header files
configure:7266: gcc -c -g -O2  conftest.c >&5
configure:7266: $? = 0
configure:7339: gcc -o conftest -g -O2   conftest.c  >&5
configure:7339: $? = 0
configure:7339: ./conftest
configure:7339: $? = 0
configure:7350: result: yes
configure:7363: checking for sys/types.h
configure:7363: gcc -c -g -O2  conftest.c >&5
configure:7363: $? = 0
configure:7363: result: yes
configure:7363: checking for sys/stat.h
configure:7363: gcc -c -g -O2  conftest.c >&5
configure:7363: $? = 0
configure:7363: result: yes
configure:7363: checking for stdlib.h
configure:7363: gcc -c -g -O2  conftest.c >&5
configure:7363: $? = 0
configure:7363: result: yes
configure:7363: checking for string.h
configure:7363: gcc -c -g -O2  conftest.c >&5
configure:7363: $? = 0
configure:7363: result: yes
configure:7363: checking for memory.h
configure:7363: gcc -c -g -O2  conftest.c >&5
configure:7363: $? = 0
configure:7363: result: yes
configure:7363: checking for strings.h
configure:7363: gcc -c -g -O2  conftest.c >&5
configure:7363: $? = 0
configure:7363: result: yes
configure:7363: checking for inttypes.h
configure:7363: gcc -c -g -O2  conftest.c >&5
configure:7363: $? = 0
configure:7363: result: yes
configure:7363: checking for stdint.h
configure:7363: gcc -c -g -O2  conftest.c >&5
configure:7363: $? = 0
configure:7363: result: yes
configure:7363: checking for unistd.h
configure:7363: gcc -c -g -O2  conftest.c >&5
configure:7363: $? = 0
configure:7363: result: yes
configure:7377: checking for dlfcn.h
configure:7377: gcc -c -g -O2  conftest.c >&5
configure:7377: $? = 0
configure:7377: result: yes
configure:7564: checking for objdir
configure:7579: result: .libs
configure:7850: checking if gcc supports -fno-rtti -fno-exceptions
configure:7868: gcc -c -g -O2  -fno-rtti -fno-exceptions conftest.c >&5
cc1: warning: command line option '-fno-rtti' is valid for C++/ObjC++ but not for C [enabled by default]
configure:7872: $? = 0
configure:7885: result: no
configure:8195: checking for gcc option to produce PIC
configure:8202: result: -fPIC -DPIC
configure:8210: checking if gcc PIC flag -fPIC -DPIC works
configure:8228: gcc -c -g -O2  -fPIC -DPIC -DPIC conftest.c >&5
configure:8232: $? = 0
configure:8245: result: yes
configure:8274: checking if gcc static flag -static works
configure:8302: result: yes
configure:8317: checking if gcc supports -c -o file.o
configure:8338: gcc -c -g -O2  -o out/conftest2.o conftest.c >&5
configure:8342: $? = 0
configure:8364: result: yes
configure:8372: checking if gcc supports -c -o file.o
configure:8419: result: yes
configure:8452: checking whether the gcc linker (/usr/bin/ld -m elf_x86_64) supports shared libraries
configure:9610: result: yes
configure:9647: checking whether -lc should be explicitly linked in
configure:9655: gcc -c -g -O2  conftest.c >&5
configure:9658: $? = 0
configure:9673: gcc -shared  -fPIC -DPIC conftest.o  -v -Wl,-soname -Wl,conftest -o conftest 2\>\&1 \| /usr/bin/grep  -lc  \>/dev/null 2\>\&1
configure:9676: $? = 0
configure:9690: result: no
configure:9855: checking dynamic linker characteristics
configure:10369: gcc -o conftest -g -O2   -Wl,-rpath -Wl,/foo conftest.c  >&5
configure:10369: $? = 0
configure:10595: result: GNU/Linux ld.so
configure:10702: checking how to hardcode library paths into programs
configure:10727: result: immediate
configure:11267: checking whether stripping libraries is possible
configure:11272: result: yes
configure:11307: checking if libtool supports shared libraries
configure:11309: result: yes
configure:11312: checking whether to build shared libraries
configure:11333: result: yes
configure:11336: checking whether to build static libraries
configure:11340: result: yes
configure:11424: checking for gcc
configure:11451: result: gcc
configure:11680: checking for C compiler version
configure:11689: gcc --version >&5
gcc (GCC) 4.8.5 20150623 (Red Hat 4.8.5-16)
Copyright (C) 2015 Free Software Foundation, Inc.
This is free software; see the source for copying conditions.  There is NO
warranty; not even for MERCHANTABILITY or FITNESS FOR A PARTICULAR PURPOSE.

configure:11700: $? = 0
configure:11689: gcc -v >&5
Using built-in specs.
COLLECT_GCC=gcc
COLLECT_LTO_WRAPPER=/usr/libexec/gcc/x86_64-redhat-linux/4.8.5/lto-wrapper
Target: x86_64-redhat-linux
Configured with: ../configure --prefix=/usr --mandir=/usr/share/man --infodir=/usr/share/info --with-bugurl=http://bugzilla.redhat.com/bugzilla --enable-bootstrap --enable-shared --enable-threads=posix --enable-checking=release --with-system-zlib --enable-__cxa_atexit --disable-libunwind-exceptions --enable-gnu-unique-object --enable-linker-build-id --with-linker-hash-style=gnu --enable-languages=c,c++,objc,obj-c++,java,fortran,ada,go,lto --enable-plugin --enable-initfini-array --disable-libgcj --with-isl=/builddir/build/BUILD/gcc-4.8.5-20150702/obj-x86_64-redhat-linux/isl-install --with-cloog=/builddir/build/BUILD/gcc-4.8.5-20150702/obj-x86_64-redhat-linux/cloog-install --enable-gnu-indirect-function --with-tune=generic --with-arch_32=x86-64 --build=x86_64-redhat-linux
Thread model: posix
gcc version 4.8.5 20150623 (Red Hat 4.8.5-16) (GCC) 
configure:11700: $? = 0
configure:11689: gcc -V >&5
gcc: error: unrecognized command line option '-V'
gcc: fatal error: no input files
compilation terminated.
configure:11700: $? = 4
configure:11689: gcc -qversion >&5
gcc: error: unrecognized command line option '-qversion'
gcc: fatal error: no input files
compilation terminated.
configure:11700: $? = 4
configure:11704: checking whether we are using the GNU C compiler
configure:11732: result: yes
configure:11741: checking whether gcc accepts -g
configure:11802: result: yes
configure:11819: checking for gcc option to accept ISO C89
configure:11895: result: none needed
configure:11917: checking dependency style of gcc
configure:12027: result: gcc3
configure:12100: checking for g++
configure:12116: found /usr/bin/g++
configure:12127: result: g++
configure:12154: checking for C++ compiler version
configure:12163: g++ --version >&5
g++ (GCC) 4.8.5 20150623 (Red Hat 4.8.5-16)
Copyright (C) 2015 Free Software Foundation, Inc.
This is free software; see the source for copying conditions.  There is NO
warranty; not even for MERCHANTABILITY or FITNESS FOR A PARTICULAR PURPOSE.

configure:12174: $? = 0
configure:12163: g++ -v >&5
Using built-in specs.
COLLECT_GCC=g++
COLLECT_LTO_WRAPPER=/usr/libexec/gcc/x86_64-redhat-linux/4.8.5/lto-wrapper
Target: x86_64-redhat-linux
Configured with: ../configure --prefix=/usr --mandir=/usr/share/man --infodir=/usr/share/info --with-bugurl=http://bugzilla.redhat.com/bugzilla --enable-bootstrap --enable-shared --enable-threads=posix --enable-checking=release --with-system-zlib --enable-__cxa_atexit --disable-libunwind-exceptions --enable-gnu-unique-object --enable-linker-build-id --with-linker-hash-style=gnu --enable-languages=c,c++,objc,obj-c++,java,fortran,ada,go,lto --enable-plugin --enable-initfini-array --disable-libgcj --with-isl=/builddir/build/BUILD/gcc-4.8.5-20150702/obj-x86_64-redhat-linux/isl-install --with-cloog=/builddir/build/BUILD/gcc-4.8.5-20150702/obj-x86_64-redhat-linux/cloog-install --enable-gnu-indirect-function --with-tune=generic --with-arch_32=x86-64 --build=x86_64-redhat-linux
Thread model: posix
gcc version 4.8.5 20150623 (Red Hat 4.8.5-16) (GCC) 
configure:12174: $? = 0
configure:12163: g++ -V >&5
g++: error: unrecognized command line option '-V'
g++: fatal error: no input files
compilation terminated.
configure:12174: $? = 4
configure:12163: g++ -qversion >&5
g++: error: unrecognized command line option '-qversion'
g++: fatal error: no input files
compilation terminated.
configure:12174: $? = 4
configure:12178: checking whether we are using the GNU C++ compiler
configure:12197: g++ -c   conftest.cpp >&5
configure:12197: $? = 0
configure:12206: result: yes
configure:12215: checking whether g++ accepts -g
configure:12235: g++ -c -g  conftest.cpp >&5
configure:12235: $? = 0
configure:12276: result: yes
configure:12301: checking dependency style of g++
configure:12411: result: gcc3
configure:12444: checking how to run the C++ preprocessor
configure:12471: g++ -E  conftest.cpp
configure:12471: $? = 0
configure:12485: g++ -E  conftest.cpp
conftest.cpp:23:28: fatal error: ac_nonexistent.h: No such file or directory
 #include <ac_nonexistent.h>
                            ^
compilation terminated.
configure:12485: $? = 1
configure: failed program was:
| /* confdefs.h */
| #define PACKAGE_NAME "hidapi"
| #define PACKAGE_TARNAME "hidapi"
| #define PACKAGE_VERSION "0.8.0-rc1"
| #define PACKAGE_STRING "hidapi 0.8.0-rc1"
| #define PACKAGE_BUGREPORT "alan@signal11.us"
| #define PACKAGE_URL ""
| #define PACKAGE "hidapi"
| #define VERSION "0.8.0-rc1"
| #define STDC_HEADERS 1
| #define HAVE_SYS_TYPES_H 1
| #define HAVE_SYS_STAT_H 1
| #define HAVE_STDLIB_H 1
| #define HAVE_STRING_H 1
| #define HAVE_MEMORY_H 1
| #define HAVE_STRINGS_H 1
| #define HAVE_INTTYPES_H 1
| #define HAVE_STDINT_H 1
| #define HAVE_UNISTD_H 1
| #define HAVE_DLFCN_H 1
| #define LT_OBJDIR ".libs/"
| /* end confdefs.h.  */
| #include <ac_nonexistent.h>
configure:12510: result: g++ -E
configure:12530: g++ -E  conftest.cpp
configure:12530: $? = 0
configure:12544: g++ -E  conftest.cpp
conftest.cpp:23:28: fatal error: ac_nonexistent.h: No such file or directory
 #include <ac_nonexistent.h>
                            ^
compilation terminated.
configure:12544: $? = 1
configure: failed program was:
| /* confdefs.h */
| #define PACKAGE_NAME "hidapi"
| #define PACKAGE_TARNAME "hidapi"
| #define PACKAGE_VERSION "0.8.0-rc1"
| #define PACKAGE_STRING "hidapi 0.8.0-rc1"
| #define PACKAGE_BUGREPORT "alan@signal11.us"
| #define PACKAGE_URL ""
| #define PACKAGE "hidapi"
| #define VERSION "0.8.0-rc1"
| #define STDC_HEADERS 1
| #define HAVE_SYS_TYPES_H 1
| #define HAVE_SYS_STAT_H 1
| #define HAVE_STDLIB_H 1
| #define HAVE_STRING_H 1
| #define HAVE_MEMORY_H 1
| #define HAVE_STRINGS_H 1
| #define HAVE_INTTYPES_H 1
| #define HAVE_STDINT_H 1
| #define HAVE_UNISTD_H 1
| #define HAVE_DLFCN_H 1
| #define LT_OBJDIR ".libs/"
| /* end confdefs.h.  */
| #include <ac_nonexistent.h>
configure:12714: checking for ld used by g++
configure:12781: result: /usr/bin/ld -m elf_x86_64
configure:12788: checking if the linker (/usr/bin/ld -m elf_x86_64) is GNU ld
configure:12803: result: yes
configure:12858: checking whether the g++ linker (/usr/bin/ld -m elf_x86_64) supports shared libraries
configure:13862: result: yes
configure:13897: g++ -c -g -O2  conftest.cpp >&5
configure:13900: $? = 0
configure:14420: checking for g++ option to produce PIC
configure:14427: result: -fPIC -DPIC
configure:14435: checking if g++ PIC flag -fPIC -DPIC works
configure:14453: g++ -c -g -O2  -fPIC -DPIC -DPIC conftest.cpp >&5
configure:14457: $? = 0
configure:14470: result: yes
configure:14493: checking if g++ static flag -static works
configure:14521: result: no
configure:14533: checking if g++ supports -c -o file.o
configure:14554: g++ -c -g -O2  -o out/conftest2.o conftest.cpp >&5
configure:14558: $? = 0
configure:14580: result: yes
configure:14585: checking if g++ supports -c -o file.o
configure:14632: result: yes
configure:14662: checking whether the g++ linker (/usr/bin/ld -m elf_x86_64) supports shared libraries
configure:14696: result: yes
configure:14839: checking dynamic linker characteristics
configure:15513: result: GNU/Linux ld.so
configure:15566: checking how to hardcode library paths into programs
configure:15591: result: immediate
configure:15685: checking for gcc
configure:15701: found /usr/bin/gcc
configure:15712: result: gcc
configure:15737: checking for Objective C compiler version
configure:15746: gcc --version >&5
gcc (GCC) 4.8.5 20150623 (Red Hat 4.8.5-16)
Copyright (C) 2015 Free Software Foundation, Inc.
This is free software; see the source for copying conditions.  There is NO
warranty; not even for MERCHANTABILITY or FITNESS FOR A PARTICULAR PURPOSE.

configure:15757: $? = 0
configure:15746: gcc -v >&5
Using built-in specs.
COLLECT_GCC=gcc
COLLECT_LTO_WRAPPER=/usr/libexec/gcc/x86_64-redhat-linux/4.8.5/lto-wrapper
Target: x86_64-redhat-linux
Configured with: ../configure --prefix=/usr --mandir=/usr/share/man --infodir=/usr/share/info --with-bugurl=http://bugzilla.redhat.com/bugzilla --enable-bootstrap --enable-shared --enable-threads=posix --enable-checking=release --with-system-zlib --enable-__cxa_atexit --disable-libunwind-exceptions --enable-gnu-unique-object --enable-linker-build-id --with-linker-hash-style=gnu --enable-languages=c,c++,objc,obj-c++,java,fortran,ada,go,lto --enable-plugin --enable-initfini-array --disable-libgcj --with-isl=/builddir/build/BUILD/gcc-4.8.5-20150702/obj-x86_64-redhat-linux/isl-install --with-cloog=/builddir/build/BUILD/gcc-4.8.5-20150702/obj-x86_64-redhat-linux/cloog-install --enable-gnu-indirect-function --with-tune=generic --with-arch_32=x86-64 --build=x86_64-redhat-linux
Thread model: posix
gcc version 4.8.5 20150623 (Red Hat 4.8.5-16) (GCC) 
configure:15757: $? = 0
configure:15746: gcc -V >&5
gcc: error: unrecognized command line option '-V'
gcc: fatal error: no input files
compilation terminated.
configure:15757: $? = 4
configure:15746: gcc -qversion >&5
gcc: error: unrecognized command line option '-qversion'
gcc: fatal error: no input files
compilation terminated.
configure:15757: $? = 4
configure:15761: checking whether we are using the GNU Objective C compiler
configure:15780: gcc -c   conftest.m >&5
gcc: error trying to exec 'cc1obj': execvp: No such file or directory
configure:15780: $? = 1
configure: failed program was:
| /* confdefs.h */
| #define PACKAGE_NAME "hidapi"
| #define PACKAGE_TARNAME "hidapi"
| #define PACKAGE_VERSION "0.8.0-rc1"
| #define PACKAGE_STRING "hidapi 0.8.0-rc1"
| #define PACKAGE_BUGREPORT "alan@signal11.us"
| #define PACKAGE_URL ""
| #define PACKAGE "hidapi"
| #define VERSION "0.8.0-rc1"
| #define STDC_HEADERS 1
| #define HAVE_SYS_TYPES_H 1
| #define HAVE_SYS_STAT_H 1
| #define HAVE_STDLIB_H 1
| #define HAVE_STRING_H 1
| #define HAVE_MEMORY_H 1
| #define HAVE_STRINGS_H 1
| #define HAVE_INTTYPES_H 1
| #define HAVE_STDINT_H 1
| #define HAVE_UNISTD_H 1
| #define HAVE_DLFCN_H 1
| #define LT_OBJDIR ".libs/"
| /* end confdefs.h.  */
| 
| int
| main ()
| {
| #ifndef __GNUC__
|        choke me
| #endif
| 
|   ;
|   return 0;
| }
configure:15789: result: no
configure:15798: checking whether gcc accepts -g
configure:15818: gcc -c -g  conftest.m >&5
gcc: error trying to exec 'cc1obj': execvp: No such file or directory
configure:15818: $? = 1
configure: failed program was:
| /* confdefs.h */
| #define PACKAGE_NAME "hidapi"
| #define PACKAGE_TARNAME "hidapi"
| #define PACKAGE_VERSION "0.8.0-rc1"
| #define PACKAGE_STRING "hidapi 0.8.0-rc1"
| #define PACKAGE_BUGREPORT "alan@signal11.us"
| #define PACKAGE_URL ""
| #define PACKAGE "hidapi"
| #define VERSION "0.8.0-rc1"
| #define STDC_HEADERS 1
| #define HAVE_SYS_TYPES_H 1
| #define HAVE_SYS_STAT_H 1
| #define HAVE_STDLIB_H 1
| #define HAVE_STRING_H 1
| #define HAVE_MEMORY_H 1
| #define HAVE_STRINGS_H 1
| #define HAVE_INTTYPES_H 1
| #define HAVE_STDINT_H 1
| #define HAVE_UNISTD_H 1
| #define HAVE_DLFCN_H 1
| #define LT_OBJDIR ".libs/"
| /* end confdefs.h.  */
| 
| int
| main ()
| {
| 
|   ;
|   return 0;
| }
configure:15833: gcc -c   conftest.m >&5
gcc: error trying to exec 'cc1obj': execvp: No such file or directory
configure:15833: $? = 1
configure: failed program was:
| /* confdefs.h */
| #define PACKAGE_NAME "hidapi"
| #define PACKAGE_TARNAME "hidapi"
| #define PACKAGE_VERSION "0.8.0-rc1"
| #define PACKAGE_STRING "hidapi 0.8.0-rc1"
| #define PACKAGE_BUGREPORT "alan@signal11.us"
| #define PACKAGE_URL ""
| #define PACKAGE "hidapi"
| #define VERSION "0.8.0-rc1"
| #define STDC_HEADERS 1
| #define HAVE_SYS_TYPES_H 1
| #define HAVE_SYS_STAT_H 1
| #define HAVE_STDLIB_H 1
| #define HAVE_STRING_H 1
| #define HAVE_MEMORY_H 1
| #define HAVE_STRINGS_H 1
| #define HAVE_INTTYPES_H 1
| #define HAVE_STDINT_H 1
| #define HAVE_UNISTD_H 1
| #define HAVE_DLFCN_H 1
| #define LT_OBJDIR ".libs/"
| /* end confdefs.h.  */
| 
| int
| main ()
| {
| 
|   ;
|   return 0;
| }
configure:15849: gcc -c -g  conftest.m >&5
gcc: error trying to exec 'cc1obj': execvp: No such file or directory
configure:15849: $? = 1
configure: failed program was:
| /* confdefs.h */
| #define PACKAGE_NAME "hidapi"
| #define PACKAGE_TARNAME "hidapi"
| #define PACKAGE_VERSION "0.8.0-rc1"
| #define PACKAGE_STRING "hidapi 0.8.0-rc1"
| #define PACKAGE_BUGREPORT "alan@signal11.us"
| #define PACKAGE_URL ""
| #define PACKAGE "hidapi"
| #define VERSION "0.8.0-rc1"
| #define STDC_HEADERS 1
| #define HAVE_SYS_TYPES_H 1
| #define HAVE_SYS_STAT_H 1
| #define HAVE_STDLIB_H 1
| #define HAVE_STRING_H 1
| #define HAVE_MEMORY_H 1
| #define HAVE_STRINGS_H 1
| #define HAVE_INTTYPES_H 1
| #define HAVE_STDINT_H 1
| #define HAVE_UNISTD_H 1
| #define HAVE_DLFCN_H 1
| #define LT_OBJDIR ".libs/"
| /* end confdefs.h.  */
| 
| int
| main ()
| {
| 
|   ;
|   return 0;
| }
configure:15859: result: no
configure:15884: checking dependency style of gcc
configure:15992: result: gcc3
configure:16056: checking for pkg-config
configure:16074: found /usr/bin/pkg-config
configure:16086: result: /usr/bin/pkg-config
configure:16111: checking pkg-config is at least version 0.9.0
configure:16114: result: yes
configure:16155: checking operating system
configure:16157: result: x86_64-unknown-linux-gnu
configure:16161: result:  (Linux back-end)
configure:16174: checking for libudev
configure:16182: $PKG_CONFIG --exists --print-errors "libudev"
configure:16185: $? = 0
configure:16200: $PKG_CONFIG --exists --print-errors "libudev"
configure:16203: $? = 0
configure:16239: result: yes
configure:16247: checking for clock_gettime in -lrt
configure:16272: gcc -o conftest -g -O2   conftest.c -lrt   >&5
configure:16272: $? = 0
configure:16281: result: yes
configure:16291: checking for libusb
configure:16299: $PKG_CONFIG --exists --print-errors "libusb-1.0 >= 1.0.9"
configure:16302: $? = 0
configure:16317: $PKG_CONFIG --exists --print-errors "libusb-1.0 >= 1.0.9"
configure:16320: $? = 0
configure:16356: result: yes
configure:16680: checking for the pthreads library -lpthreads
configure:16718: gcc -o conftest -g -O2    conftest.c -lpthreads  >&5
/usr/bin/ld: cannot find -lpthreads
collect2: error: ld returned 1 exit status
configure:16718: $? = 1
configure: failed program was:
| /* confdefs.h */
| #define PACKAGE_NAME "hidapi"
| #define PACKAGE_TARNAME "hidapi"
| #define PACKAGE_VERSION "0.8.0-rc1"
| #define PACKAGE_STRING "hidapi 0.8.0-rc1"
| #define PACKAGE_BUGREPORT "alan@signal11.us"
| #define PACKAGE_URL ""
| #define PACKAGE "hidapi"
| #define VERSION "0.8.0-rc1"
| #define STDC_HEADERS 1
| #define HAVE_SYS_TYPES_H 1
| #define HAVE_SYS_STAT_H 1
| #define HAVE_STDLIB_H 1
| #define HAVE_STRING_H 1
| #define HAVE_MEMORY_H 1
| #define HAVE_STRINGS_H 1
| #define HAVE_INTTYPES_H 1
| #define HAVE_STDINT_H 1
| #define HAVE_UNISTD_H 1
| #define HAVE_DLFCN_H 1
| #define LT_OBJDIR ".libs/"
| #define OS_LINUX 1
| /* end confdefs.h.  */
| #include <pthread.h>
|                         static void routine(void *a) { a = 0; }
|                         static void *start_routine(void *a) { return a; }
| int
| main ()
| {
| pthread_t th; pthread_attr_t attr;
|                         pthread_create(&th, 0, start_routine, 0);
|                         pthread_join(th, 0);
|                         pthread_attr_init(&attr);
|                         pthread_cleanup_push(routine, 0);
|                         pthread_cleanup_pop(0) /* ; */
|   ;
|   return 0;
| }
configure:16727: result: no
configure:16625: checking whether pthreads work without any flags
configure:16718: gcc -o conftest -g -O2    conftest.c   >&5
/tmp/cckcL68z.o: In function `main':
/home/paul/badge_repo/pic32usb1388_v1.0/hidapi/hidapi/conftest.c:31: undefined reference to `pthread_create'
/home/paul/badge_repo/pic32usb1388_v1.0/hidapi/hidapi/conftest.c:32: undefined reference to `pthread_join'
/home/paul/badge_repo/pic32usb1388_v1.0/hidapi/hidapi/conftest.c:34: undefined reference to `__pthread_register_cancel'
/home/paul/badge_repo/pic32usb1388_v1.0/hidapi/hidapi/conftest.c:35: undefined reference to `__pthread_unregister_cancel'
collect2: error: ld returned 1 exit status
configure:16718: $? = 1
configure: failed program was:
| /* confdefs.h */
| #define PACKAGE_NAME "hidapi"
| #define PACKAGE_TARNAME "hidapi"
| #define PACKAGE_VERSION "0.8.0-rc1"
| #define PACKAGE_STRING "hidapi 0.8.0-rc1"
| #define PACKAGE_BUGREPORT "alan@signal11.us"
| #define PACKAGE_URL ""
| #define PACKAGE "hidapi"
| #define VERSION "0.8.0-rc1"
| #define STDC_HEADERS 1
| #define HAVE_SYS_TYPES_H 1
| #define HAVE_SYS_STAT_H 1
| #define HAVE_STDLIB_H 1
| #define HAVE_STRING_H 1
| #define HAVE_MEMORY_H 1
| #define HAVE_STRINGS_H 1
| #define HAVE_INTTYPES_H 1
| #define HAVE_STDINT_H 1
| #define HAVE_UNISTD_H 1
| #define HAVE_DLFCN_H 1
| #define LT_OBJDIR ".libs/"
| #define OS_LINUX 1
| /* end confdefs.h.  */
| #include <pthread.h>
|                         static void routine(void *a) { a = 0; }
|                         static void *start_routine(void *a) { return a; }
| int
| main ()
| {
| pthread_t th; pthread_attr_t attr;
|                         pthread_create(&th, 0, start_routine, 0);
|                         pthread_join(th, 0);
|                         pthread_attr_init(&attr);
|                         pthread_cleanup_push(routine, 0);
|                         pthread_cleanup_pop(0) /* ; */
|   ;
|   return 0;
| }
configure:16727: result: no
configure:16630: checking whether pthreads work with -Kthread
configure:16718: gcc -o conftest -g -O2 -Kthread   conftest.c   >&5
gcc: error: unrecognized command line option '-Kthread'
configure:16718: $? = 1
configure: failed program was:
| /* confdefs.h */
| #define PACKAGE_NAME "hidapi"
| #define PACKAGE_TARNAME "hidapi"
| #define PACKAGE_VERSION "0.8.0-rc1"
| #define PACKAGE_STRING "hidapi 0.8.0-rc1"
| #define PACKAGE_BUGREPORT "alan@signal11.us"
| #define PACKAGE_URL ""
| #define PACKAGE "hidapi"
| #define VERSION "0.8.0-rc1"
| #define STDC_HEADERS 1
| #define HAVE_SYS_TYPES_H 1
| #define HAVE_SYS_STAT_H 1
| #define HAVE_STDLIB_H 1
| #define HAVE_STRING_H 1
| #define HAVE_MEMORY_H 1
| #define HAVE_STRINGS_H 1
| #define HAVE_INTTYPES_H 1
| #define HAVE_STDINT_H 1
| #define HAVE_UNISTD_H 1
| #define HAVE_DLFCN_H 1
| #define LT_OBJDIR ".libs/"
| #define OS_LINUX 1
| /* end confdefs.h.  */
| #include <pthread.h>
|                         static void routine(void *a) { a = 0; }
|                         static void *start_routine(void *a) { return a; }
| int
| main ()
| {
| pthread_t th; pthread_attr_t attr;
|                         pthread_create(&th, 0, start_routine, 0);
|                         pthread_join(th, 0);
|                         pthread_attr_init(&attr);
|                         pthread_cleanup_push(routine, 0);
|                         pthread_cleanup_pop(0) /* ; */
|   ;
|   return 0;
| }
configure:16727: result: no
configure:16630: checking whether pthreads work with -kthread
configure:16718: gcc -o conftest -g -O2 -kthread   conftest.c   >&5
gcc: error: unrecognized command line option '-kthread'
configure:16718: $? = 1
configure: failed program was:
| /* confdefs.h */
| #define PACKAGE_NAME "hidapi"
| #define PACKAGE_TARNAME "hidapi"
| #define PACKAGE_VERSION "0.8.0-rc1"
| #define PACKAGE_STRING "hidapi 0.8.0-rc1"
| #define PACKAGE_BUGREPORT "alan@signal11.us"
| #define PACKAGE_URL ""
| #define PACKAGE "hidapi"
| #define VERSION "0.8.0-rc1"
| #define STDC_HEADERS 1
| #define HAVE_SYS_TYPES_H 1
| #define HAVE_SYS_STAT_H 1
| #define HAVE_STDLIB_H 1
| #define HAVE_STRING_H 1
| #define HAVE_MEMORY_H 1
| #define HAVE_STRINGS_H 1
| #define HAVE_INTTYPES_H 1
| #define HAVE_STDINT_H 1
| #define HAVE_UNISTD_H 1
| #define HAVE_DLFCN_H 1
| #define LT_OBJDIR ".libs/"
| #define OS_LINUX 1
| /* end confdefs.h.  */
| #include <pthread.h>
|                         static void routine(void *a) { a = 0; }
|                         static void *start_routine(void *a) { return a; }
| int
| main ()
| {
| pthread_t th; pthread_attr_t attr;
|                         pthread_create(&th, 0, start_routine, 0);
|                         pthread_join(th, 0);
|                         pthread_attr_init(&attr);
|                         pthread_cleanup_push(routine, 0);
|                         pthread_cleanup_pop(0) /* ; */
|   ;
|   return 0;
| }
configure:16727: result: no
configure:16680: checking for the pthreads library -llthread
configure:16718: gcc -o conftest -g -O2    conftest.c -llthread  >&5
/usr/bin/ld: cannot find -llthread
collect2: error: ld returned 1 exit status
configure:16718: $? = 1
configure: failed program was:
| /* confdefs.h */
| #define PACKAGE_NAME "hidapi"
| #define PACKAGE_TARNAME "hidapi"
| #define PACKAGE_VERSION "0.8.0-rc1"
| #define PACKAGE_STRING "hidapi 0.8.0-rc1"
| #define PACKAGE_BUGREPORT "alan@signal11.us"
| #define PACKAGE_URL ""
| #define PACKAGE "hidapi"
| #define VERSION "0.8.0-rc1"
| #define STDC_HEADERS 1
| #define HAVE_SYS_TYPES_H 1
| #define HAVE_SYS_STAT_H 1
| #define HAVE_STDLIB_H 1
| #define HAVE_STRING_H 1
| #define HAVE_MEMORY_H 1
| #define HAVE_STRINGS_H 1
| #define HAVE_INTTYPES_H 1
| #define HAVE_STDINT_H 1
| #define HAVE_UNISTD_H 1
| #define HAVE_DLFCN_H 1
| #define LT_OBJDIR ".libs/"
| #define OS_LINUX 1
| /* end confdefs.h.  */
| #include <pthread.h>
|                         static void routine(void *a) { a = 0; }
|                         static void *start_routine(void *a) { return a; }
| int
| main ()
| {
| pthread_t th; pthread_attr_t attr;
|                         pthread_create(&th, 0, start_routine, 0);
|                         pthread_join(th, 0);
|                         pthread_attr_init(&attr);
|                         pthread_cleanup_push(routine, 0);
|                         pthread_cleanup_pop(0) /* ; */
|   ;
|   return 0;
| }
configure:16727: result: no
configure:16630: checking whether pthreads work with -pthread
configure:16718: gcc -o conftest -g -O2 -pthread   conftest.c   >&5
configure:16718: $? = 0
configure:16727: result: yes
configure:16746: checking for joinable pthread attribute
configure:16761: gcc -o conftest -g -O2 -pthread   conftest.c   >&5
configure:16761: $? = 0
configure:16767: result: PTHREAD_CREATE_JOINABLE
configure:16777: checking if more special flags are required for pthreads
configure:16791: result: no
configure:16797: checking for PTHREAD_PRIO_INHERIT
configure:16815: gcc -o conftest -g -O2 -pthread   conftest.c   >&5
configure:16815: $? = 0
configure:16824: result: yes
configure:17321: creating ./config.status

## ---------------- ##
## Cache variables. ##
## ---------------- ##

ac_cv_build=x86_64-unknown-linux-gnu
ac_cv_c_compiler_gnu=yes
ac_cv_cxx_compiler_gnu=yes
ac_cv_env_CCC_set=
ac_cv_env_CCC_value=
ac_cv_env_CC_set=
ac_cv_env_CC_value=
ac_cv_env_CFLAGS_set=
ac_cv_env_CFLAGS_value=
ac_cv_env_CPPFLAGS_set=
ac_cv_env_CPPFLAGS_value=
ac_cv_env_CPP_set=
ac_cv_env_CPP_value=
ac_cv_env_CXXCPP_set=
ac_cv_env_CXXCPP_value=
ac_cv_env_CXXFLAGS_set=
ac_cv_env_CXXFLAGS_value=
ac_cv_env_CXX_set=
ac_cv_env_CXX_value=
ac_cv_env_LDFLAGS_set=
ac_cv_env_LDFLAGS_value=
ac_cv_env_LIBS_set=
ac_cv_env_LIBS_value=
ac_cv_env_OBJCFLAGS_set=
ac_cv_env_OBJCFLAGS_value=
ac_cv_env_OBJC_set=
ac_cv_env_OBJC_value=
ac_cv_env_PKG_CONFIG_set=
ac_cv_env_PKG_CONFIG_value=
ac_cv_env_build_alias_set=
ac_cv_env_build_alias_value=
ac_cv_env_fox_CFLAGS_set=
ac_cv_env_fox_CFLAGS_value=
ac_cv_env_fox_LIBS_set=
ac_cv_env_fox_LIBS_value=
ac_cv_env_host_alias_set=
ac_cv_env_host_alias_value=
ac_cv_env_libudev_CFLAGS_set=
ac_cv_env_libudev_CFLAGS_value=
ac_cv_env_libudev_LIBS_set=
ac_cv_env_libudev_LIBS_value=
ac_cv_env_libusb_CFLAGS_set=
ac_cv_env_libusb_CFLAGS_value=
ac_cv_env_libusb_LIBS_set=
ac_cv_env_libusb_LIBS_value=
ac_cv_env_target_alias_set=
ac_cv_env_target_alias_value=
ac_cv_header_dlfcn_h=yes
ac_cv_header_inttypes_h=yes
ac_cv_header_memory_h=yes
ac_cv_header_stdc=yes
ac_cv_header_stdint_h=yes
ac_cv_header_stdlib_h=yes
ac_cv_header_string_h=yes
ac_cv_header_strings_h=yes
ac_cv_header_sys_stat_h=yes
ac_cv_header_sys_types_h=yes
ac_cv_header_unistd_h=yes
ac_cv_host=x86_64-unknown-linux-gnu
ac_cv_lib_rt_clock_gettime=yes
ac_cv_objc_compiler_gnu=no
ac_cv_objext=o
ac_cv_path_EGREP='/usr/bin/grep -E'
ac_cv_path_FGREP='/usr/bin/grep -F'
ac_cv_path_GREP=/usr/bin/grep
ac_cv_path_SED=/usr/bin/sed
ac_cv_path_ac_pt_PKG_CONFIG=/usr/bin/pkg-config
ac_cv_path_install='/usr/bin/install -c'
ac_cv_path_mkdir=/usr/bin/mkdir
ac_cv_prog_AWK=gawk
ac_cv_prog_CPP='gcc -E'
ac_cv_prog_CXXCPP='g++ -E'
ac_cv_prog_ac_ct_AR=ar
ac_cv_prog_ac_ct_CC=gcc
ac_cv_prog_ac_ct_CXX=g++
ac_cv_prog_ac_ct_OBJC=gcc
ac_cv_prog_ac_ct_OBJDUMP=objdump
ac_cv_prog_ac_ct_RANLIB=ranlib
ac_cv_prog_ac_ct_STRIP=strip
ac_cv_prog_cc_c89=
ac_cv_prog_cc_g=yes
ac_cv_prog_cxx_g=yes
ac_cv_prog_make_make_set=yes
ac_cv_prog_objc_g=no
am_cv_CC_dependencies_compiler_type=gcc3
am_cv_CXX_dependencies_compiler_type=gcc3
am_cv_OBJC_dependencies_compiler_type=gcc3
ax_cv_PTHREAD_PRIO_INHERIT=yes
lt_cv_ar_at_file=@
lt_cv_archive_cmds_need_lc=no
lt_cv_deplibs_check_method=pass_all
lt_cv_file_magic_cmd='$MAGIC_CMD'
lt_cv_file_magic_test_file=
lt_cv_ld_reload_flag=-r
lt_cv_nm_interface='BSD nm'
lt_cv_objdir=.libs
lt_cv_path_LD=/usr/bin/ld
lt_cv_path_LDCXX='/usr/bin/ld -m elf_x86_64'
lt_cv_path_NM='/usr/bin/nm -B'
lt_cv_path_mainfest_tool=no
lt_cv_prog_compiler_c_o=yes
lt_cv_prog_compiler_c_o_CXX=yes
lt_cv_prog_compiler_pic='-fPIC -DPIC'
lt_cv_prog_compiler_pic_CXX='-fPIC -DPIC'
lt_cv_prog_compiler_pic_works=yes
lt_cv_prog_compiler_pic_works_CXX=yes
lt_cv_prog_compiler_rtti_exceptions=no
lt_cv_prog_compiler_static_works=yes
lt_cv_prog_compiler_static_works_CXX=no
lt_cv_prog_gnu_ld=yes
lt_cv_prog_gnu_ldcxx=yes
lt_cv_sharedlib_from_linklib_cmd='printf %s\n'
lt_cv_shlibpath_overrides_runpath=no
lt_cv_sys_global_symbol_pipe='sed -n -e '\''s/^.*[	 ]\([ABCDGIRSTW][ABCDGIRSTW]*\)[	 ][	 ]*\([_A-Za-z][_A-Za-z0-9]*\)$/\1 \2 \2/p'\'' | sed '\''/ __gnu_lto/d'\'''
lt_cv_sys_global_symbol_to_c_name_address='sed -n -e '\''s/^: \([^ ]*\)[ ]*$/  {\"\1\", (void *) 0},/p'\'' -e '\''s/^[ABCDGIRSTW]* \([^ ]*\) \([^ ]*\)$/  {"\2", (void *) \&\2},/p'\'''
lt_cv_sys_global_symbol_to_c_name_address_lib_prefix='sed -n -e '\''s/^: \([^ ]*\)[ ]*$/  {\"\1\", (void *) 0},/p'\'' -e '\''s/^[ABCDGIRSTW]* \([^ ]*\) \(lib[^ ]*\)$/  {"\2", (void *) \&\2},/p'\'' -e '\''s/^[ABCDGIRSTW]* \([^ ]*\) \([^ ]*\)$/  {"lib\2", (void *) \&\2},/p'\'''
lt_cv_sys_global_symbol_to_cdecl='sed -n -e '\''s/^T .* \(.*\)$/extern int \1();/p'\'' -e '\''s/^[ABCDGIRSTW]* .* \(.*\)$/extern char \1;/p'\'''
lt_cv_sys_max_cmd_len=1572864
lt_cv_to_host_file_cmd=func_convert_file_noop
lt_cv_to_tool_file_cmd=func_convert_file_noop
pkg_cv_libudev_CFLAGS=' '
pkg_cv_libudev_LIBS='-ludev  '
pkg_cv_libusb_CFLAGS='-I/usr/include/libusb-1.0  '
pkg_cv_libusb_LIBS='-lusb-1.0  '

## ----------------- ##
## Output variables. ##
## ----------------- ##

ACLOCAL='${SHELL} /home/paul/badge_repo/pic32usb1388_v1.0/hidapi/hidapi/missing --run aclocal-1.11'
AMDEPBACKSLASH='\'
AMDEP_FALSE='#'
AMDEP_TRUE=''
AMTAR='${SHELL} /home/paul/badge_repo/pic32usb1388_v1.0/hidapi/hidapi/missing --run tar'
AM_BACKSLASH='\'
AM_DEFAULT_VERBOSITY='0'
AR='ar'
AUTOCONF='${SHELL} /home/paul/badge_repo/pic32usb1388_v1.0/hidapi/hidapi/missing --run autoconf'
AUTOHEADER='${SHELL} /home/paul/badge_repo/pic32usb1388_v1.0/hidapi/hidapi/missing --run autoheader'
AUTOMAKE='${SHELL} /home/paul/badge_repo/pic32usb1388_v1.0/hidapi/hidapi/missing --run automake-1.11'
AWK='gawk'
BUILD_TESTGUI_FALSE=''
BUILD_TESTGUI_TRUE='#'
CC='gcc'
CCDEPMODE='depmode=gcc3'
CFLAGS='-g -O2'
CFLAGS_HIDRAW='  '
CFLAGS_LIBUSB=' -I/usr/include/libusb-1.0   -pthread'
CFLAGS_TESTGUI=''
CPP='gcc -E'
CPPFLAGS=''
CXX='g++'
CXXCPP='g++ -E'
CXXDEPMODE='depmode=gcc3'
CXXFLAGS='-g -O2'
CYGPATH_W='echo'
DEFS='-DHAVE_CONFIG_H'
DEPDIR='.deps'
DLLTOOL='false'
DSYMUTIL=''
DUMPBIN=''
ECHO_C=''
ECHO_N='-n'
ECHO_T=''
EGREP='/usr/bin/grep -E'
EXEEXT=''
FGREP='/usr/bin/grep -F'
GREP='/usr/bin/grep'
INSTALL_DATA='${INSTALL} -m 644'
INSTALL_PROGRAM='${INSTALL}'
INSTALL_SCRIPT='${INSTALL}'
INSTALL_STRIP_PROGRAM='$(install_sh) -c -s'
LD='/usr/bin/ld -m elf_x86_64'
LDFLAGS=''
LIBOBJS=''
LIBS=''
LIBS_HIDRAW='  -ludev  '
LIBS_LIBUSB='   -lrt -lusb-1.0  '
LIBS_TESTGUI=''
LIBTOOL='$(SHELL) $(top_builddir)/libtool'
LIPO=''
LN_S='ln -s'
LTLDFLAGS='-version-info 0:0:0'
LTLIBOBJS=''
MAKEINFO='${SHELL} /home/paul/badge_repo/pic32usb1388_v1.0/hidapi/hidapi/missing --run makeinfo'
MANIFEST_TOOL=':'
MKDIR_P='/usr/bin/mkdir -p'
NM='/usr/bin/nm -B'
NMEDIT=''
OBJC='gcc'
OBJCDEPMODE='depmode=gcc3'
OBJCFLAGS=''
OBJDUMP='objdump'
OBJEXT='o'
OS_DARWIN=''
OS_DARWIN_FALSE=''
OS_DARWIN_TRUE='#'
OS_FREEBSD=''
OS_FREEBSD_FALSE=''
OS_FREEBSD_TRUE='#'
OS_LINUX=''
OS_LINUX_FALSE='#'
OS_LINUX_TRUE=''
OS_WINDOWS=''
OS_WINDOWS_FALSE=''
OS_WINDOWS_TRUE='#'
OTOOL64=''
OTOOL=''
PACKAGE='hidapi'
PACKAGE_BUGREPORT='alan@signal11.us'
PACKAGE_NAME='hidapi'
PACKAGE_STRING='hidapi 0.8.0-rc1'
PACKAGE_TARNAME='hidapi'
PACKAGE_URL=''
PACKAGE_VERSION='0.8.0-rc1'
PATH_SEPARATOR=':'
PKG_CONFIG='/usr/bin/pkg-config'
PTHREAD_CC='gcc'
PTHREAD_CFLAGS='-pthread'
PTHREAD_LIBS=''
RANLIB='ranlib'
SED='/usr/bin/sed'
SET_MAKE=''
SHELL='/bin/sh'
STRIP='strip'
VERSION='0.8.0-rc1'
ac_ct_AR='ar'
ac_ct_CC='gcc'
ac_ct_CXX='g++'
ac_ct_DUMPBIN=''
ac_ct_OBJC='gcc'
am__EXEEXT_FALSE=''
am__EXEEXT_TRUE='#'
am__fastdepCC_FALSE='#'
am__fastdepCC_TRUE=''
am__fastdepCXX_FALSE='#'
am__fastdepCXX_TRUE=''
am__fastdepOBJC_FALSE='#'
am__fastdepOBJC_TRUE=''
am__include='include'
am__isrc=''
am__leading_dot='.'
am__quote=''
am__tar='${AMTAR} chof - "$$tardir"'
am__untar='${AMTAR} xf -'
ax_pthread_config=''
backend='linux'
bindir='${exec_prefix}/bin'
build='x86_64-unknown-linux-gnu'
build_alias=''
build_cpu='x86_64'
build_os='linux-gnu'
build_vendor='unknown'
datadir='${datarootdir}'
datarootdir='${prefix}/share'
docdir='${datarootdir}/doc/${PACKAGE_TARNAME}'
dvidir='${docdir}'
exec_prefix='${prefix}'
fox_CFLAGS=''
fox_LIBS=''
foxconfig=''
host='x86_64-unknown-linux-gnu'
host_alias=''
host_cpu='x86_64'
host_os='linux-gnu'
host_vendor='unknown'
htmldir='${docdir}'
includedir='${prefix}/include'
infodir='${datarootdir}/info'
install_sh='${SHELL} /home/paul/badge_repo/pic32usb1388_v1.0/hidapi/hidapi/install-sh'
libdir='${exec_prefix}/lib'
libexecdir='${exec_prefix}/libexec'
libudev_CFLAGS=' '
libudev_LIBS='-ludev  '
libusb_CFLAGS='-I/usr/include/libusb-1.0  '
libusb_LIBS='-lusb-1.0  '
localedir='${datarootdir}/locale'
localstatedir='${prefix}/var'
mandir='${datarootdir}/man'
mkdir_p='/usr/bin/mkdir -p'
oldincludedir='/usr/include'
pdfdir='${docdir}'
prefix='/usr'
program_transform_name='s,x,x,'
psdir='${docdir}'
sbindir='${exec_prefix}/sbin'
sharedstatedir='${prefix}/com'
sysconfdir='${prefix}/etc'
target_alias=''

## ----------- ##
## confdefs.h. ##
## ----------- ##

/* confdefs.h */
#define PACKAGE_NAME "hidapi"
#define PACKAGE_TARNAME "hidapi"
#define PACKAGE_VERSION "0.8.0-rc1"
#define PACKAGE_STRING "hidapi 0.8.0-rc1"
#define PACKAGE_BUGREPORT "alan@signal11.us"
#define PACKAGE_URL ""
#define PACKAGE "hidapi"
#define VERSION "0.8.0-rc1"
#define STDC_HEADERS 1
#define HAVE_SYS_TYPES_H 1
#define HAVE_SYS_STAT_H 1
#define HAVE_STDLIB_H 1
#define HAVE_STRING_H 1
#define HAVE_MEMORY_H 1
#define HAVE_STRINGS_H 1
#define HAVE_INTTYPES_H 1
#define HAVE_STDINT_H 1
#define HAVE_UNISTD_H 1
#define HAVE_DLFCN_H 1
#define LT_OBJDIR ".libs/"
#define OS_LINUX 1
#define HAVE_PTHREAD_PRIO_INHERIT 1

configure: exit 0

## ---------------------- ##
## Running config.status. ##
## ---------------------- ##

This file was extended by hidapi config.status 0.8.0-rc1, which was
generated by GNU Autoconf 2.69.  Invocation command line was

  CONFIG_FILES    = 
  CONFIG_HEADERS  = 
  CONFIG_LINKS    = 
  CONFIG_COMMANDS = 
  $ ./config.status 

on localhost.localdomain

config.status:1192: creating pc/hidapi-hidraw.pc
config.status:1192: creating pc/hidapi-libusb.pc
config.status:1192: creating Makefile
config.status:1192: creating hidtest/Makefile
config.status:1192: creating libusb/Makefile
config.status:1192: creating linux/Makefile
config.status:1192: creating mac/Makefile
config.status:1192: creating testgui/Makefile
config.status:1192: creating windows/Makefile
config.status:1192: creating config.h
config.status:1421: executing depfiles commands
config.status:1421: executing libtool commands

## ---------------------- ##
## Running config.status. ##
## ---------------------- ##

This file was extended by hidapi config.status 0.8.0-rc1, which was
generated by GNU Autoconf 2.69.  Invocation command line was

  CONFIG_FILES    = 
  CONFIG_HEADERS  = 
  CONFIG_LINKS    = 
  CONFIG_COMMANDS = 
  $ ./config.status config.h

on localhost.localdomain

config.status:1192: creating config.h
config.status:1373: config.h is unchanged
